<?xml version="1.0" encoding="utf-8"?><testsuites name="pytest tests"><testsuite name="pytest" errors="0" failures="0" skipped="0" tests="16" time="2.824" timestamp="2026-08-04T19:16:35.883697+00:00" hostname="agent-env-15d414b0-cd88-4d1c-bfc9-35e5cc9f4a8d"><testcase classname="backend.tests.test_nextjs_api" name="test_mode" time="0.238" /><testcase classname="backend.tests.test_nextjs_api" name="test_products_list" time="0.138" /><testcase classname="backend.tests.test_nextjs_api" name="test_products_filter_bestseller" time="0.138" /><testcase classname="backend.tests.test_nextjs_api" name="test_products_filter_new" time="0.124" /><testcase classname="backend.tests.test_nextjs_api" name="test_products_filter_category" time="0.132" /><testcase classname="backend.tests.test_nextjs_api" name="test_products_filter_subcategory" time="0.162" /><testcase classname="backend.tests.test_nextjs_api" name="test_products_search" time="0.146" /><testcase classname="backend.tests.test_nextjs_api" name="test_product_single" time="0.173" /><testcase classname="backend.tests.test_nextjs_api" name="test_product_404" time="0.142" /><testcase classname="backend.tests.test_nextjs_api" name="test_categories" time="0.155" /><testcase classname="backend.tests.test_nextjs_api" name="test_register_and_me" time="0.192" /><testcase classname="backend.tests.test_nextjs_api" name="test_me_without_cookie_401" time="0.135" /><testcase classname="backend.tests.test_nextjs_api" name="test_login_then_me" time="0.419" /><testcase classname="backend.tests.test_nextjs_api" name="test_register_short_password_rejected" time="0.122" /><testcase classname="backend.tests.test_nextjs_api" name="test_orders_requires_auth" time="0.121" /><testcase classname="backend.tests.test_nextjs_api" name="test_orders_preview" time="0.198" /></testsuite></testsuites>