<?xml version="1.0" encoding="utf-8"?><testsuites name="pytest tests"><testsuite name="pytest" errors="0" failures="0" skipped="0" tests="26" time="3.977" timestamp="2026-08-04T18:18:48.742018+00:00" hostname="agent-env-15d414b0-cd88-4d1c-bfc9-35e5cc9f4a8d"><testcase classname="backend.tests.backend_test" name="test_health" time="0.192" /><testcase classname="backend.tests.backend_test" name="test_mode_endpoint" time="0.137" /><testcase classname="backend.tests.backend_test" name="test_demo_categories" time="0.127" /><testcase classname="backend.tests.backend_test" name="test_demo_products_count" time="0.127" /><testcase classname="backend.tests.backend_test" name="test_demo_product_filters[bestseller=true]" time="0.130" /><testcase classname="backend.tests.backend_test" name="test_demo_product_filters[isNew=true]" time="0.134" /><testcase classname="backend.tests.backend_test" name="test_demo_product_filters[category=earrings]" time="0.122" /><testcase classname="backend.tests.backend_test" name="test_demo_product_filters[subcategory=studs]" time="0.133" /><testcase classname="backend.tests.backend_test" name="test_demo_product_filters[search=jhumka]" time="0.123" /><testcase classname="backend.tests.backend_test" name="test_demo_single_product" time="0.132" /><testcase classname="backend.tests.backend_test" name="test_live_products_empty" time="0.149" /><testcase classname="backend.tests.backend_test" name="test_live_categories_empty" time="0.113" /><testcase classname="backend.tests.backend_test" name="test_admin_login" time="0.223" /><testcase classname="backend.tests.backend_test" name="test_auth_me" time="0.341" /><testcase classname="backend.tests.backend_test" name="test_admin_product_create_blocked_in_live" time="0.118" /><testcase classname="backend.tests.backend_test" name="test_admin_product_create_allowed_in_demo" time="0.148" /><testcase classname="backend.tests.backend_test" name="test_admin_inventory_adjust_blocked_in_live" time="0.145" /><testcase classname="backend.tests.backend_test" name="test_admin_noncat_endpoints[demo-/admin/stats]" time="0.138" /><testcase classname="backend.tests.backend_test" name="test_admin_noncat_endpoints[demo-/admin/orders]" time="0.148" /><testcase classname="backend.tests.backend_test" name="test_admin_noncat_endpoints[demo-/admin/users]" time="0.121" /><testcase classname="backend.tests.backend_test" name="test_admin_noncat_endpoints[demo-/admin/banners]" time="0.131" /><testcase classname="backend.tests.backend_test" name="test_admin_noncat_endpoints[live-/admin/stats]" time="0.126" /><testcase classname="backend.tests.backend_test" name="test_admin_noncat_endpoints[live-/admin/orders]" time="0.127" /><testcase classname="backend.tests.backend_test" name="test_admin_noncat_endpoints[live-/admin/users]" time="0.130" /><testcase classname="backend.tests.backend_test" name="test_admin_noncat_endpoints[live-/admin/banners]" time="0.131" /><testcase classname="backend.tests.backend_test" name="test_order_create_and_list" time="0.246" /></testsuite></testsuites>